Log file open, 05/07/19 17:05:54
LogWindows: Failed to load 'aqProf.dll' (GetLastError=126)
LogWindows: File 'aqProf.dll' does not exist
LogWindows: Failed to load 'VtuneApi.dll' (GetLastError=126)
LogWindows: File 'VtuneApi.dll' does not exist
LogWindows: Failed to load 'VtuneApi32e.dll' (GetLastError=126)
LogWindows: File 'VtuneApi32e.dll' does not exist
LogInit: Display: Running engine for game: MyProject2
LogPlatformFile: Not using cached read wrapper
LogInit: Display: RandInit(-2128382613) SRandInit(-2128382612).
LogInit: Read version file with build ID '3944462'
LogInit: Overriding engine version to CL 4033788, compatible CL 3944462
LogInit: Registered custom module enumerator with build ID '3944462'
LogTaskGraph: Started task graph with 5 named threads and 14 total threads with 3 sets of task threads.
LogStats: Stats thread started at 0.177428
LogD3D11RHI: Aftermath initialized
LogICUInternationalization: Display: ICU TimeZone Detection - Raw Offset: -8:00, Platform Override: ''
LogModuleManager: Display: Found up-to-date module file ../../../Engine/Plugins/2D/Paper2D/Binaries/Win64/UE4Editor-Paper2D.dll (API version 3944462).
LogModuleManager: Display: Found up-to-date module file ../../../Engine/Plugins/2D/Paper2D/Binaries/Win64/UE4Editor-Paper2DEditor.dll (API version 3944462).
LogModuleManager: Display: Found up-to-date module file ../../../Engine/Plugins/2D/Paper2D/Binaries/Win64/UE4Editor-PaperSpriteSheetImporter.dll (API version 3944462).
LogModuleManager: Display: Found up-to-date module file ../../../Engine/Plugins/2D/Paper2D/Binaries/Win64/UE4Editor-PaperTiledImporter.dll (API version 3944462).
LogModuleManager: Display: Found up-to-date module file ../../../Engine/Plugins/2D/Paper2D/Binaries/Win64/UE4Editor-SmartSnapping.dll (API version 3944462).
LogModuleManager: Display: Found up-to-date module file ../../../Engine/Plugins/Blendables/LightPropagationVolume/Binaries/Win64/UE4Editor-LightPropagationVolumeRuntime.dll (API version 3944462).
LogModuleManager: Display: Found up-to-date module file ../../../Engine/Plugins/Blendables/LightPropagationVolume/Binaries/Win64/UE4Editor-LightPropagationVolumeEditor.dll (API version 3944462).
LogModuleManager: Display: Found up-to-date module file ../../../Engine/Plugins/Developer/CLionSourceCodeAccess/Binaries/Win64/UE4Editor-CLionSourceCodeAccess.dll (API version 3944462).
LogModuleManager: Display: Found up-to-date module file ../../../Engine/Plugins/Developer/GitSourceControl/Binaries/Win64/UE4Editor-GitSourceControl.dll (API version 3944462).
LogModuleManager: Display: Found up-to-date module file ../../../Engine/Plugins/Developer/PerforceSourceControl/Binaries/Win64/UE4Editor-PerforceSourceControl.dll (API version 3944462).
LogModuleManager: Display: Found up-to-date module file ../../../Engine/Plugins/Developer/SubversionSourceControl/Binaries/Win64/UE4Editor-SubversionSourceControl.dll (API version 3944462).
LogModuleManager: Display: Found up-to-date module file ../../../Engine/Plugins/Developer/UObjectPlugin/Binaries/Win64/UE4Editor-UObjectPlugin.dll (API version 3944462).
LogModuleManager: Display: Found up-to-date module file ../../../Engine/Plugins/Developer/VisualStudioCodeSourceCodeAccess/Binaries/Win64/UE4Editor-VisualStudioCodeSourceCodeAccess.dll (API version 3944462).
LogModuleManager: Display: Found up-to-date module file ../../../Engine/Plugins/Developer/VisualStudioSourceCodeAccess/Binaries/Win64/UE4Editor-VisualStudioSourceCodeAccess.dll (API version 3944462).
LogModuleManager: Display: Found up-to-date module file ../../../Engine/Plugins/Editor/AssetManagerEditor/Binaries/Win64/UE4Editor-AssetManagerEditor.dll (API version 3944462).
LogModuleManager: Display: Found up-to-date module file ../../../Engine/Plugins/Editor/CryptoKeys/Binaries/Win64/UE4Editor-CryptoKeys.dll (API version 3944462).
LogModuleManager: Display: Found up-to-date module file ../../../Engine/Plugins/Editor/CryptoKeys/Binaries/Win64/UE4Editor-CryptoKeysOpenSSL.dll (API version 3944462).
LogModuleManager: Display: Found up-to-date module file ../../../Engine/Plugins/Editor/DataValidation/Binaries/Win64/UE4Editor-DataValidation.dll (API version 3944462).
LogModuleManager: Display: Found up-to-date module file ../../../Engine/Plugins/Editor/FacialAnimation/Binaries/Win64/UE4Editor-FacialAnimation.dll (API version 3944462).
LogModuleManager: Display: Found up-to-date module file ../../../Engine/Plugins/Editor/FacialAnimation/Binaries/Win64/UE4Editor-FacialAnimationEditor.dll (API version 3944462).
LogModuleManager: Display: Found up-to-date module file ../../../Engine/Plugins/Editor/GameplayTagsEditor/Binaries/Win64/UE4Editor-GameplayTagsEditor.dll (API version 3944462).
LogModuleManager: Display: Found up-to-date module file ../../../Engine/Plugins/Editor/MobileLauncherProfileWizard/Binaries/Win64/UE4Editor-MobileLauncherProfileWizard.dll (API version 3944462).
LogModuleManager: Display: Found up-to-date module file ../../../Engine/Plugins/Editor/PluginBrowser/Binaries/Win64/UE4Editor-PluginBrowser.dll (API version 3944462).
LogModuleManager: Display: Found up-to-date module file ../../../Engine/Plugins/Editor/SpeedTreeImporter/Binaries/Win64/UE4Editor-SpeedTreeImporter.dll (API version 3944462).
LogModuleManager: Display: Found up-to-date module file ../../../Engine/Plugins/Enterprise/DatasmithContent/Binaries/Win64/UE4Editor-DatasmithContent.dll (API version 3944462).
LogModuleManager: Display: Found up-to-date module file ../../../Engine/Plugins/Experimental/AlembicImporter/Binaries/Win64/UE4Editor-AlembicImporter.dll (API version 3944462).
LogModuleManager: Display: Found up-to-date module file ../../../Engine/Plugins/Experimental/AlembicImporter/Binaries/Win64/UE4Editor-AlembicLibrary.dll (API version 3944462).
LogModuleManager: Display: Found up-to-date module file ../../../Engine/Plugins/Experimental/CharacterAI/Binaries/Win64/UE4Editor-CharacterAI.dll (API version 3944462).
LogModuleManager: Display: Found up-to-date module file ../../../Engine/Plugins/Experimental/HTML5Networking/Binaries/Win64/UE4Editor-HTML5Networking.dll (API version 3944462).
LogModuleManager: Display: Found up-to-date module file ../../../Engine/Plugins/Media/AndroidMedia/Binaries/Win64/UE4Editor-AndroidMediaEditor.dll (API version 3944462).
LogModuleManager: Display: Found up-to-date module file ../../../Engine/Plugins/Media/AndroidMedia/Binaries/Win64/UE4Editor-AndroidMediaFactory.dll (API version 3944462).
LogModuleManager: Display: Found up-to-date module file ../../../Engine/Plugins/Media/AvfMedia/Binaries/Win64/UE4Editor-AvfMediaEditor.dll (API version 3944462).
LogModuleManager: Display: Found up-to-date module file ../../../Engine/Plugins/Media/AvfMedia/Binaries/Win64/UE4Editor-AvfMediaFactory.dll (API version 3944462).
LogModuleManager: Display: Found up-to-date module file ../../../Engine/Plugins/Media/AvfMedia/Binaries/Win64/UE4Editor-AvfMediaFactory.dll (API version 3944462).
LogModuleManager: Display: Found up-to-date module file ../../../Engine/Plugins/Media/ImgMedia/Binaries/Win64/UE4Editor-ImgMedia.dll (API version 3944462).
LogModuleManager: Display: Found up-to-date module file ../../../Engine/Plugins/Media/ImgMedia/Binaries/Win64/UE4Editor-ImgMediaEditor.dll (API version 3944462).
LogModuleManager: Display: Found up-to-date module file ../../../Engine/Plugins/Media/ImgMedia/Binaries/Win64/UE4Editor-ImgMediaFactory.dll (API version 3944462).
LogModuleManager: Display: Found up-to-date module file ../../../Engine/Plugins/Media/ImgMedia/Binaries/Win64/UE4Editor-ImgMediaFactory.dll (API version 3944462).
LogModuleManager: Display: Found up-to-date module file ../../../Engine/Plugins/Media/ImgMedia/Binaries/Win64/UE4Editor-OpenExrWrapper.dll (API version 3944462).
LogModuleManager: Display: Found up-to-date module file ../../../Engine/Plugins/Media/LinearTimecode/Binaries/Win64/UE4Editor-LinearTimecode.dll (API version 3944462).
LogModuleManager: Display: Found up-to-date module file ../../../Engine/Plugins/Media/MediaCompositing/Binaries/Win64/UE4Editor-MediaCompositing.dll (API version 3944462).
LogModuleManager: Display: Found up-to-date module file ../../../Engine/Plugins/Media/MediaCompositing/Binaries/Win64/UE4Editor-MediaCompositingEditor.dll (API version 3944462).
LogModuleManager: Display: Found up-to-date module file ../../../Engine/Plugins/Media/MediaPlayerEditor/Binaries/Win64/UE4Editor-MediaPlayerEditor.dll (API version 3944462).
LogModuleManager: Display: Found up-to-date module file ../../../Engine/Plugins/Media/WmfMedia/Binaries/Win64/UE4Editor-WmfMedia.dll (API version 3944462).
LogModuleManager: Display: Found up-to-date module file ../../../Engine/Plugins/Media/WmfMedia/Binaries/Win64/UE4Editor-WmfMediaEditor.dll (API version 3944462).
LogModuleManager: Display: Found up-to-date module file ../../../Engine/Plugins/Media/WmfMedia/Binaries/Win64/UE4Editor-WmfMediaFactory.dll (API version 3944462).
LogModuleManager: Display: Found up-to-date module file ../../../Engine/Plugins/Media/WmfMedia/Binaries/Win64/UE4Editor-WmfMediaFactory.dll (API version 3944462).
LogModuleManager: Display: Found up-to-date module file ../../../Engine/Plugins/Messaging/TcpMessaging/Binaries/Win64/UE4Editor-TcpMessaging.dll (API version 3944462).
LogModuleManager: Display: Found up-to-date module file ../../../Engine/Plugins/Messaging/UdpMessaging/Binaries/Win64/UE4Editor-UdpMessaging.dll (API version 3944462).
LogModuleManager: Display: Found up-to-date module file ../../../Engine/Plugins/MovieScene/ActorSequence/Binaries/Win64/UE4Editor-ActorSequence.dll (API version 3944462).
LogModuleManager: Display: Found up-to-date module file ../../../Engine/Plugins/MovieScene/LevelSequenceEditor/Binaries/Win64/UE4Editor-LevelSequenceEditor.dll (API version 3944462).
LogModuleManager: Display: Found up-to-date module file ../../../Engine/Plugins/MovieScene/MatineeToLevelSequence/Binaries/Win64/UE4Editor-MatineeToLevelSequence.dll (API version 3944462).
LogModuleManager: Display: Found up-to-date module file ../../../Engine/Plugins/NetcodeUnitTest/NetcodeUnitTest/Binaries/Win64/UE4Editor-NetcodeUnitTest.dll (API version 3944462).
LogModuleManager: Display: Found up-to-date module file ../../../Engine/Plugins/NetcodeUnitTest/NUTUnrealEngine4/Binaries/Win64/UE4Editor-NUTUnrealEngine4.dll (API version 3944462).
LogModuleManager: Display: Found up-to-date module file ../../../Engine/Plugins/Online/OnlineSubsystem/Binaries/Win64/UE4Editor-OnlineSubsystem.dll (API version 3944462).
LogModuleManager: Display: Found up-to-date module file ../../../Engine/Plugins/Runtime/AndroidPermission/Binaries/Win64/UE4Editor-AndroidPermission.dll (API version 3944462).
LogModuleManager: Display: Found up-to-date module file ../../../Engine/Plugins/Online/OnlineSubsystemNull/Binaries/Win64/UE4Editor-OnlineSubsystemNull.dll (API version 3944462).
LogModuleManager: Display: Found up-to-date module file ../../../Engine/Plugins/Online/OnlineSubsystemUtils/Binaries/Win64/UE4Editor-OnlineSubsystemUtils.dll (API version 3944462).
LogModuleManager: Display: Found up-to-date module file ../../../Engine/Plugins/Online/OnlineSubsystemUtils/Binaries/Win64/UE4Editor-OnlineBlueprintSupport.dll (API version 3944462).
LogModuleManager: Display: Found up-to-date module file ../../../Engine/Plugins/Runtime/AndroidDeviceProfileSelector/Binaries/Win64/UE4Editor-AndroidDeviceProfileSelector.dll (API version 3944462).
LogModuleManager: Display: Found up-to-date module file ../../../Engine/Plugins/Runtime/AppleARKit/Binaries/Win64/UE4Editor-AppleARKit.dll (API version 3944462).
LogModuleManager: Display: Found up-to-date module file ../../../Engine/Plugins/Runtime/ProceduralMeshComponent/Binaries/Win64/UE4Editor-ProceduralMeshComponent.dll (API version 3944462).
LogModuleManager: Display: Found up-to-date module file ../../../Engine/Plugins/Runtime/ProceduralMeshComponent/Binaries/Win64/UE4Editor-ProceduralMeshComponentEditor.dll (API version 3944462).
LogModuleManager: Display: Found up-to-date module file ../../../Engine/Plugins/Animation/LiveLink/Binaries/Win64/UE4Editor-LiveLink.dll (API version 3944462).
LogModuleManager: Display: Found up-to-date module file ../../../Engine/Plugins/Animation/LiveLink/Binaries/Win64/UE4Editor-LiveLinkEditor.dll (API version 3944462).
LogModuleManager: Display: Found up-to-date module file ../../../Engine/Plugins/Runtime/ArchVisCharacter/Binaries/Win64/UE4Editor-ArchVisCharacter.dll (API version 3944462).
LogModuleManager: Display: Found up-to-date module file ../../../Engine/Plugins/Runtime/AudioCapture/Binaries/Win64/UE4Editor-AudioCapture.dll (API version 3944462).
LogModuleManager: Display: Found up-to-date module file ../../../Engine/Plugins/Runtime/AudioCapture/Binaries/Win64/UE4Editor-AudioCaptureEditor.dll (API version 3944462).
LogModuleManager: Display: Found up-to-date module file ../../../Engine/Plugins/Runtime/CableComponent/Binaries/Win64/UE4Editor-CableComponent.dll (API version 3944462).
LogModuleManager: Display: Found up-to-date module file ../../../Engine/Plugins/Runtime/CustomMeshComponent/Binaries/Win64/UE4Editor-CustomMeshComponent.dll (API version 3944462).
LogModuleManager: Display: Found up-to-date module file ../../../Engine/Plugins/Runtime/ExampleDeviceProfileSelector/Binaries/Win64/UE4Editor-ExampleDeviceProfileSelector.dll (API version 3944462).
LogModuleManager: Display: Found up-to-date module file ../../../Engine/Plugins/Runtime/ImmediatePhysics/Binaries/Win64/UE4Editor-ImmediatePhysics.dll (API version 3944462).
LogModuleManager: Display: Found up-to-date module file ../../../Engine/Plugins/Runtime/ImmediatePhysics/Binaries/Win64/UE4Editor-ImmediatePhysicsEditor.dll (API version 3944462).
LogModuleManager: Display: Found up-to-date module file ../../../Engine/Plugins/Runtime/LocationServicesBPLibrary/Binaries/Win64/UE4Editor-LocationServicesBPLibrary.dll (API version 3944462).
LogModuleManager: Display: Found up-to-date module file ../../../Engine/Plugins/Runtime/MobilePatchingUtils/Binaries/Win64/UE4Editor-MobilePatchingUtils.dll (API version 3944462).
LogModuleManager: Display: Found up-to-date module file ../../../Engine/Plugins/Runtime/Oculus/OculusVR/Binaries/Win64/UE4Editor-OculusHMD.dll (API version 3944462).
LogModuleManager: Display: Found up-to-date module file ../../../Engine/Plugins/Runtime/Oculus/OculusVR/Binaries/Win64/UE4Editor-OculusInput.dll (API version 3944462).
LogModuleManager: Display: Found up-to-date module file ../../../Engine/Plugins/Runtime/Oculus/OculusVR/Binaries/Win64/UE4Editor-OculusEditor.dll (API version 3944462).
LogModuleManager: Display: Found up-to-date module file ../../../Engine/Plugins/Runtime/PhysXVehicles/Binaries/Win64/UE4Editor-PhysXVehicles.dll (API version 3944462).
LogModuleManager: Display: Found up-to-date module file ../../../Engine/Plugins/Runtime/PhysXVehicles/Binaries/Win64/UE4Editor-PhysXVehiclesEditor.dll (API version 3944462).
LogModuleManager: Display: Found up-to-date module file ../../../Engine/Plugins/Runtime/RuntimePhysXCooking/Binaries/Win64/UE4Editor-RuntimePhysXCooking.dll (API version 3944462).
LogModuleManager: Display: Found up-to-date module file ../../../Engine/Plugins/Runtime/Steam/SteamVR/Binaries/Win64/UE4Editor-SteamVR.dll (API version 3944462).
LogModuleManager: Display: Found up-to-date module file ../../../Engine/Plugins/Runtime/Steam/SteamVR/Binaries/Win64/UE4Editor-SteamVRController.dll (API version 3944462).
LogModuleManager: Display: Found up-to-date module file ../../../Engine/Plugins/Runtime/WindowsMoviePlayer/Binaries/Win64/UE4Editor-WindowsMoviePlayer.dll (API version 3944462).
LogPluginManager: Mounting plugin Paper2D
LogPluginManager: Mounting plugin LiveLink
LogPluginManager: Mounting plugin LightPropagationVolume
LogPluginManager: Mounting plugin CLionSourceCodeAccess
LogPluginManager: Mounting plugin CodeLiteSourceCodeAccess
LogPluginManager: Mounting plugin GitSourceControl
LogPluginManager: Mounting plugin KDevelopSourceCodeAccess
LogPluginManager: Mounting plugin NullSourceCodeAccess
LogPluginManager: Mounting plugin PerforceSourceControl
LogPluginManager: Mounting plugin SubversionSourceControl
LogPluginManager: Mounting plugin UObjectPlugin
LogPluginManager: Mounting plugin VisualStudioCodeSourceCodeAccess
LogPluginManager: Mounting plugin VisualStudioSourceCodeAccess
LogPluginManager: Mounting plugin XCodeSourceCodeAccess
LogPluginManager: Mounting plugin AssetManagerEditor
LogPluginManager: Mounting plugin CryptoKeys
LogPluginManager: Mounting plugin DataValidation
LogPluginManager: Mounting plugin FacialAnimation
LogPluginManager: Mounting plugin GameplayTagsEditor
LogPluginManager: Mounting plugin MobileLauncherProfileWizard
LogPluginManager: Mounting plugin PluginBrowser
LogPluginManager: Mounting plugin SpeedTreeImporter
LogPluginManager: Mounting plugin DatasmithContent
LogPluginManager: Mounting plugin AlembicImporter
LogPluginManager: Mounting plugin CharacterAI
LogPluginManager: Mounting plugin HTML5Networking
LogPluginManager: Mounting plugin AndroidMedia
LogPluginManager: Mounting plugin AvfMedia
LogPluginManager: Mounting plugin ImgMedia
LogPluginManager: Mounting plugin LinearTimecode
LogPluginManager: Mounting plugin MediaCompositing
LogPluginManager: Mounting plugin MediaPlayerEditor
LogPluginManager: Mounting plugin WmfMedia
LogPluginManager: Mounting plugin TcpMessaging
LogPluginManager: Mounting plugin UdpMessaging
LogPluginManager: Mounting plugin ActorSequence
LogPluginManager: Mounting plugin LevelSequenceEditor
LogPluginManager: Mounting plugin MatineeToLevelSequence
LogPluginManager: Mounting plugin NetcodeUnitTest
LogPluginManager: Mounting plugin NUTUnrealEngine4
LogPluginManager: Mounting plugin OnlineSubsystemGooglePlay
LogPluginManager: Mounting plugin OnlineSubsystemIOS
LogPluginManager: Mounting plugin OnlineSubsystem
LogPluginManager: Mounting plugin OnlineSubsystemNull
LogPluginManager: Mounting plugin OnlineSubsystemUtils
LogPluginManager: Mounting plugin AndroidDeviceProfileSelector
LogPluginManager: Mounting plugin AndroidMoviePlayer
LogPluginManager: Mounting plugin AndroidPermission
LogPluginManager: Mounting plugin AppleARKit
LogPluginManager: Mounting plugin AppleMoviePlayer
LogPluginManager: Mounting plugin ArchVisCharacter
LogPluginManager: Mounting plugin AudioCapture
LogPluginManager: Mounting plugin CableComponent
LogPluginManager: Mounting plugin CustomMeshComponent
LogPluginManager: Mounting plugin ExampleDeviceProfileSelector
LogPluginManager: Mounting plugin GoogleCloudMessaging
LogPluginManager: Mounting plugin ImmediatePhysics
LogPluginManager: Mounting plugin IOSDeviceProfileSelector
LogPluginManager: Mounting plugin LinuxDeviceProfileSelector
LogPluginManager: Mounting plugin LocationServicesBPLibrary
LogPluginManager: Mounting plugin MobilePatchingUtils
LogPluginManager: Mounting plugin OculusVR
LogPluginManager: Plugin shader directory ../../../Engine/Plugins/Runtime/Oculus/OculusVR/Shaders found
LogPluginManager: Mapping shader source directory ../../../Engine/Plugins/Runtime/Oculus/OculusVR/Shaders to virtual directory /Plugin/OculusVR
LogPluginManager: Mounting plugin PhysXVehicles
LogPluginManager: Mounting plugin ProceduralMeshComponent
LogPluginManager: Mounting plugin RuntimePhysXCooking
LogPluginManager: Mounting plugin SteamVR
LogPluginManager: Mounting plugin WindowsMoviePlayer
LogStreaming: Display: Took  0.864s to configure plugins.
LogInit: Using libcurl 7.47.1
LogInit:  - built for x86_64-pc-win32
LogInit:  - supports SSL with OpenSSL/1.0.2g
LogInit:  - supports HTTP deflate (compression) using libz 1.2.8
LogInit:  - other features:
LogInit:      CURL_VERSION_SSL
LogInit:      CURL_VERSION_LIBZ
LogInit:      CURL_VERSION_IPV6
LogInit:      CURL_VERSION_ASYNCHDNS
LogInit:      CURL_VERSION_LARGEFILE
LogInit:      CURL_VERSION_IDN
LogInit:  CurlRequestOptions (configurable via config and command line):
LogInit:  - bVerifyPeer = false  - Libcurl will NOT verify peer certificate
LogInit:  - bUseHttpProxy = false  - Libcurl will NOT use HTTP proxy
LogInit:  - bDontReuseConnections = false  - Libcurl will reuse connections
LogInit:  - CertBundlePath = nullptr  - Libcurl will use whatever was configured at build time.
LogInit:  - MaxHostConnections = 16  - Libcurl will limit the number of connections to a host
LogInit:  - LocalHostAddr = Default
LogInit: WinSock: version 1.1 (2.2), MaxSocks=32767, MaxUdp=65467
LogInit: WinSock: I am rocketdwarf (192.168.1.172:0)
LogInit: Build: ++UE4+Release-4.19-CL-4033788
LogInit: Engine Version: 4.19.2-4033788+++UE4+Release-4.19
LogInit: Compatible Engine Version: 4.19.0-3944462+++UE4+Release-4.19
LogInit: Net CL: 3944462
LogDevObjectVersion: Number of dev versions registered: 18
LogDevObjectVersion:   Dev-Blueprints (B0D832E4-1F89-4F0D-ACCF-7EB736FD4AA2): 10
LogDevObjectVersion:   Dev-Build (E1C64328-A22C-4D53-A36C-8E866417BD8C): 0
LogDevObjectVersion:   Dev-Core (375EC13C-06E4-48FB-B500-84F0262A717E): 2
LogDevObjectVersion:   Dev-Editor (E4B068ED-F494-42E9-A231-DA0B2E46BB41): 23
LogDevObjectVersion:   Dev-Framework (CFFC743F-43B0-4480-9391-14DF171D2073): 33
LogDevObjectVersion:   Dev-Mobile (B02B49B5-BB20-44E9-A304-32B752E40360): 2
LogDevObjectVersion:   Dev-Networking (A4E4105C-59A1-49B5-A7C5-40C4547EDFEE): 0
LogDevObjectVersion:   Dev-Online (39C831C9-5AE6-47DC-9A44-9C173E1C8E7C): 0
LogDevObjectVersion:   Dev-Physics (78F01B33-EBEA-4F98-B9B4-84EACCB95AA2): 0
LogDevObjectVersion:   Dev-Platform (6631380F-2D4D-43E0-8009-CF276956A95A): 0
LogDevObjectVersion:   Dev-Rendering (12F88B9F-8875-4AFC-A67C-D90C383ABD29): 25
LogDevObjectVersion:   Dev-Sequencer (7B5AE74C-D270-4C10-A958-57980B212A5A): 6
LogDevObjectVersion:   Dev-VR (D7296918-1DD6-4BDD-9DE2-64A83CC13884): 1
LogDevObjectVersion:   Dev-LoadTimes (C2A15278-BFE7-4AFE-6C17-90FF531DF755): 1
LogDevObjectVersion:   Private-Geometry (6EACA3D4-40EC-4CC1-B786-8BED09428FC5): 2
LogDevObjectVersion:   Dev-AnimPhys (29E575DD-E0A3-4627-9D10-D276232CDCEA): 16
LogDevObjectVersion:   Dev-ReflectionCapture (6B266CEC-1EC7-4B8F-A30B-E4D90942FC07): 1
LogDevObjectVersion:   Dev-Automation (0DF73D61-A23F-47EA-B727-89E90C41499A): 1
LogInit: Compiled (64-bit): Apr 27 2018 02:06:57
LogInit: Compiled with Visual C++: 19.00.24215.01
LogInit: Build Configuration: Development
LogInit: Branch Name: ++UE4+Release-4.19
LogInit: Command Line: 
LogInit: Base Directory: D:/Program Files/Epic Games/UE_4.19/Engine/Binaries/Win64/
LogInit: Installed Engine Build: 1
LogStreaming: Display: Took  0.000s to delete old logs.
LogInit: Presizing for max 8388607 objects, including 0 objects not considered by GC, pre-allocating 0 bytes for permanent pool.
LogInit: Object subsystem initialized
[2019.05.08-00.05.55:589][  0]LogInit: Selected Device Profile: [Windows]
[2019.05.08-00.05.55:589][  0]LogInit: Applying CVar settings loaded from the selected device profile: [Windows]
[2019.05.08-00.05.55:601][  0]LogInit: Computer: ROCKETDWARF
[2019.05.08-00.05.55:601][  0]LogInit: User: Jake
[2019.05.08-00.05.55:601][  0]LogInit: CPU Page size=4096, Cores=4
[2019.05.08-00.05.55:601][  0]LogInit: High frequency timer resolution =3.330094 MHz
[2019.05.08-00.05.55:602][  0]LogMemory: Memory total: Physical=16.0GB (16GB approx)
[2019.05.08-00.05.55:602][  0]LogMemory: Platform Memory Stats for Windows
[2019.05.08-00.05.55:602][  0]LogMemory: Process Physical Memory: 270.93 MB used, 270.93 MB peak
[2019.05.08-00.05.55:602][  0]LogMemory: Process Virtual Memory: 268.11 MB used, 268.11 MB peak
[2019.05.08-00.05.55:602][  0]LogMemory: Physical Memory: 5839.53 MB used,  10497.52 MB free, 16337.05 MB total
[2019.05.08-00.05.55:602][  0]LogMemory: Virtual Memory: 637.42 MB used,  10497.52 MB free, 134217728.00 MB total
[2019.05.08-00.05.55:621][  0]LogInit: Using OS detected language (en-US).
[2019.05.08-00.05.55:621][  0]LogInit: Using OS detected locale (en-US).
[2019.05.08-00.05.55:624][  0]LogTextLocalizationManager: No specific localization for 'en-US' exists, so the 'en' localization will be used.
[2019.05.08-00.05.56:090][  0]LogStreaming: Display: Took  0.470s to EndInitTextLocalization.
[2019.05.08-00.05.56:091][  0]LogInit: Setting process to per monitor DPI aware
[2019.05.08-00.05.56:120][  0]LogSlate: New Slate User Created.  User Index 0, Is Virtual User: 0
[2019.05.08-00.05.56:120][  0]LogSlate: Slate User Registered.  User Index 0, Is Virtual User: 0
[2019.05.08-00.05.56:332][  0]LogD3D11RHI: D3D11 adapters:
[2019.05.08-00.05.56:362][  0]LogD3D11RHI:    0. 'NVIDIA GeForce GTX 660 Ti' (Feature Level 11_0)
[2019.05.08-00.05.56:362][  0]LogD3D11RHI:       1955/0/8168 MB DedicatedVideo/DedicatedSystem/SharedSystem, Outputs:2, VendorId:0x10de
[2019.05.08-00.05.56:363][  0]LogD3D11RHI:    1. 'Microsoft Basic Render Driver' (Feature Level 11_0)
[2019.05.08-00.05.56:363][  0]LogD3D11RHI:       0/0/256 MB DedicatedVideo/DedicatedSystem/SharedSystem, Outputs:0, VendorId:0x1414
[2019.05.08-00.05.56:363][  0]LogD3D11RHI: Chosen D3D11 Adapter: 0
[2019.05.08-00.05.56:367][  0]LogD3D11RHI: Creating new Direct3DDevice
[2019.05.08-00.05.56:367][  0]LogD3D11RHI:     GPU DeviceId: 0x1183 (for the marketing name, search the web for "GPU Device Id")
[2019.05.08-00.05.56:367][  0]LogWindows: EnumDisplayDevices:
[2019.05.08-00.05.56:367][  0]LogWindows:    0. 'NVIDIA GeForce GTX 660 Ti' (P:0 D:1)
[2019.05.08-00.05.56:368][  0]LogWindows:    1. 'NVIDIA GeForce GTX 660 Ti' (P:1 D:1)
[2019.05.08-00.05.56:368][  0]LogWindows:    2. 'NVIDIA GeForce GTX 660 Ti' (P:0 D:0)
[2019.05.08-00.05.56:368][  0]LogWindows:    3. 'NVIDIA GeForce GTX 660 Ti' (P:0 D:0)
[2019.05.08-00.05.56:368][  0]LogWindows: DebugString: FoundDriverCount:4 
[2019.05.08-00.05.56:368][  0]LogD3D11RHI:     Adapter Name: NVIDIA GeForce GTX 660 Ti
[2019.05.08-00.05.56:368][  0]LogD3D11RHI:   Driver Version: 388.13 (internal:23.21.13.8813, unified:388.13)
[2019.05.08-00.05.56:368][  0]LogD3D11RHI:      Driver Date: 10-27-2017
[2019.05.08-00.05.56:368][  0]LogRHI: Texture pool is 1369 MB (70% of 1955 MB)
[2019.05.08-00.05.56:381][  0]LogD3D11RHI: [Aftermath] Aftermath enabled but failed to initialize
[2019.05.08-00.05.56:381][  0]LogD3D11RHI: [Aftermath] Aftermath enabled and primed
[2019.05.08-00.05.56:381][  0]LogD3D11RHI: Async texture creation enabled
[2019.05.08-00.05.56:413][  0]LogD3D11RHI: GPU Timing Frequency: 1000.000000 (Debug: 2 2)
[2019.05.08-00.05.56:417][  0]LogShaderCompilers: Guid format shader working directory is -5 characters bigger than the processId version (C:/Users/Jake/Desktop/Git/FirstPersonCharacterTest/Intermediate/Shaders/WorkingDirectory/2972/).
[2019.05.08-00.05.56:417][  0]LogShaderCompilers: Cleaned the shader compiler working directory 'C:/Users/Jake/AppData/Local/Temp/UnrealShaderWorkingDir/AA6B6C5041BE1CF4E7FF4F9FA9F3B222/'.
[2019.05.08-00.05.56:618][  0]LogTemp: Display: Loaded TP AllDesktopTargetPlatform
[2019.05.08-00.05.56:633][  0]LogTemp: Display: Loaded TP MacClientTargetPlatform
[2019.05.08-00.05.56:648][  0]LogTemp: Display: Loaded TP MacNoEditorTargetPlatform
[2019.05.08-00.05.56:664][  0]LogTemp: Display: Loaded TP MacServerTargetPlatform
[2019.05.08-00.05.56:679][  0]LogTemp: Display: Loaded TP MacTargetPlatform
[2019.05.08-00.05.56:695][  0]LogTemp: Display: Loaded TP WindowsClientTargetPlatform
[2019.05.08-00.05.56:711][  0]LogTemp: Display: Loaded TP WindowsNoEditorTargetPlatform
[2019.05.08-00.05.56:727][  0]LogTemp: Display: Loaded TP WindowsServerTargetPlatform
[2019.05.08-00.05.56:735][  0]LogTemp: Display: Loaded TP WindowsTargetPlatform
[2019.05.08-00.05.56:750][  0]LogTemp: Display: Loaded TP Android_ASTCTargetPlatform
[2019.05.08-00.05.56:764][  0]LogTemp: Display: Loaded TP Android_ATCTargetPlatform
[2019.05.08-00.05.56:779][  0]LogTemp: Display: Loaded TP Android_DXTTargetPlatform
[2019.05.08-00.05.56:793][  0]LogTemp: Display: Loaded TP Android_ETC1aTargetPlatform
[2019.05.08-00.05.56:808][  0]LogTemp: Display: Loaded TP Android_ETC1TargetPlatform
[2019.05.08-00.05.56:823][  0]LogTemp: Display: Loaded TP Android_ETC2TargetPlatform
[2019.05.08-00.05.56:850][  0]LogTemp: Display: Loaded TP Android_MultiTargetPlatform
[2019.05.08-00.05.56:850][  0]LogTemp: Display: Loaded TP Android_PVRTCTargetPlatform
[2019.05.08-00.05.56:864][  0]LogTemp: Display: Loaded TP AndroidTargetPlatform
[2019.05.08-00.05.56:865][  0]LogTemp: Display: Loaded TP HTML5TargetPlatform
[2019.05.08-00.05.56:905][  0]LogTemp: Display: Loaded TP IOSTargetPlatform
[2019.05.08-00.05.56:918][  0]LogTemp: Display: Loaded TP TVOSTargetPlatform
[2019.05.08-00.05.56:932][  0]LogTemp: Display: Loaded TP LinuxClientTargetPlatform
[2019.05.08-00.05.56:946][  0]LogTemp: Display: Loaded TP LinuxNoEditorTargetPlatform
[2019.05.08-00.05.56:961][  0]LogTemp: Display: Loaded TP LinuxServerTargetPlatform
[2019.05.08-00.05.56:976][  0]LogTemp: Display: Loaded TP LinuxTargetPlatform
[2019.05.08-00.05.56:976][  0]LogTargetPlatformManager: Display: Building Assets For Windows
[2019.05.08-00.05.57:070][  0]LogXGEController: Cannot use XGE Controller as Incredibuild is not installed on this machine.
[2019.05.08-00.05.57:070][  0]LogShaderCompilers: Cannot use XGE Shader Compiler as Incredibuild is not installed on this machine.
[2019.05.08-00.05.57:070][  0]LogShaderCompilers: Display: Using Local Shader Compiler.
[2019.05.08-00.05.57:837][  0]LogDerivedDataCache: Display: Max Cache Size: 512 MB
[2019.05.08-00.05.57:923][  0]LogDerivedDataCache: Loaded boot cache 0.09s 74MB C:/Users/Jake/AppData/Local/UnrealEngine/4.19/DerivedDataCache/Boot.ddc.
[2019.05.08-00.05.57:923][  0]LogDerivedDataCache: Display: Loaded Boot cache: C:/Users/Jake/AppData/Local/UnrealEngine/4.19/DerivedDataCache/Boot.ddc
[2019.05.08-00.05.57:923][  0]LogDerivedDataCache: FDerivedDataBackendGraph:  Pak pak cache file C:/Users/Jake/Desktop/Git/FirstPersonCharacterTest/DerivedDataCache/DDC.ddp not found, will not use a pak cache.
[2019.05.08-00.05.57:923][  0]LogDerivedDataCache: Unable to find inner node Pak for hierarchical cache Hierarchy.
[2019.05.08-00.05.57:923][  0]LogDerivedDataCache: FDerivedDataBackendGraph:  CompressedPak pak cache file C:/Users/Jake/Desktop/Git/FirstPersonCharacterTest/DerivedDataCache/Compressed.ddp not found, will not use a pak cache.
[2019.05.08-00.05.57:923][  0]LogDerivedDataCache: Unable to find inner node CompressedPak for hierarchical cache Hierarchy.
[2019.05.08-00.05.57:942][  0]LogDerivedDataCache: Display: Pak cache opened for reading ../../../Engine/DerivedDataCache/Compressed.ddp.
[2019.05.08-00.05.57:955][  0]LogDerivedDataCache: Using Local data cache path C:/Users/Jake/AppData/Local/UnrealEngine/Common/DerivedDataCache: Writable
[2019.05.08-00.05.57:955][  0]LogDerivedDataCache: Shared data cache path not found in *engine.ini, will not use an Shared cache.
[2019.05.08-00.05.57:955][  0]LogDerivedDataCache: Unable to find inner node Shared for hierarchical cache Hierarchy.
[2019.05.08-00.05.57:969][  0]LogMaterial: Verifying Global Shaders for PCD3D_SM5
[2019.05.08-00.05.57:970][  0]LogSlate: Using Freetype 2.6.0
[2019.05.08-00.05.57:970][  0]LogSlate: SlateFontCache - WITH_FREETYPE: 1, WITH_HARFBUZZ: 1
[2019.05.08-00.05.57:970][  0]LogSlate: SlateFontCache - WITH_FREETYPE: 1, WITH_HARFBUZZ: 1
[2019.05.08-00.05.58:087][  0]LogAssetRegistry: FAssetRegistry took 0.0273 seconds to start up
[2019.05.08-00.05.58:452][  0]LogInit: Selected Device Profile: [Windows]
[2019.05.08-00.05.58:600][  0]LogSimplygon: Simplygon DLL not present - disabling.
[2019.05.08-00.05.58:602][  0]LogMeshReduction: Using SimplygonSwarm for distributed automatic mesh merging
[2019.05.08-00.05.58:602][  0]LogMeshReduction: Using QuadricMeshReduction for automatic static mesh reduction
[2019.05.08-00.05.58:602][  0]LogMeshReduction: No automatic skeletal mesh reduction module available
[2019.05.08-00.05.58:602][  0]LogMeshReduction: No automatic mesh merging module available
[2019.05.08-00.05.58:602][  0]LogMeshMerging: No automatic mesh merging module available
[2019.05.08-00.05.58:631][  0]LogNetVersion: MyProject2 , NetCL: 3944462, EngineNetVer: 2, GameNetVer: 0 (Checksum: 607132587)
[2019.05.08-00.05.59:093][  0]LogPackageLocalizationCache: Processed 9 localized package path(s) for 2 prioritized culture(s) in 0.073237 seconds
[2019.05.08-00.05.59:099][  0]LogUObjectArray: 36728 objects as part of root set at end of initial load.
[2019.05.08-00.05.59:099][  0]LogUObjectAllocator: 7314312 out of 0 bytes used by permanent object pool.
[2019.05.08-00.05.59:099][  0]LogUObjectArray: CloseDisregardForGC: 0/0 objects in disregard for GC pool
[2019.05.08-00.06.00:661][  0]LogTcpMessaging: Initializing TcpMessaging bridge
[2019.05.08-00.06.00:688][  0]LogUdpMessaging: Initializing bridge on interface 0.0.0.0:0 to multicast group 230.0.0.1:6666.
[2019.05.08-00.06.00:990][  0]SourceControl: Source control is disabled
[2019.05.08-00.06.00:990][  0]SourceControl: Source control is disabled
[2019.05.08-00.06.01:004][  0]SourceControl: Source control is disabled
[2019.05.08-00.06.01:018][  0]SourceControl: Source control is disabled
[2019.05.08-00.06.01:433][  0]LogAndroidPermission: UAndroidPermissionCallbackProxy::GetInstance
[2019.05.08-00.06.01:606][  0]LogOcInput: OculusInput pre-init called
[2019.05.08-00.06.01:708][  0]LogEngine: Initializing Engine...
[2019.05.08-00.06.01:709][  0]LogHMD: Failed to initialize OpenVR with code 100
[2019.05.08-00.06.01:711][  0]LogStats: UGameplayTagsManager::ConstructGameplayTagTree: Construct from data asset -  0.000 s
[2019.05.08-00.06.01:711][  0]LogStats: UGameplayTagsManager::ConstructGameplayTagTree: GameplayTagTreeChangedEvent.Broadcast -  0.000 s
[2019.05.08-00.06.01:952][  0]LogAIModule: Creating AISystem for world Untitled
[2019.05.08-00.06.01:995][  0]LogInit: XAudio2 using 'Speakers (High Definition Audio Device)' : 2 channels at 44.1 kHz using 16 bits per sample (channel mask 0x3)
[2019.05.08-00.06.02:003][  0]LogInit: FAudioDevice initialized.
[2019.05.08-00.06.02:128][  0]LogDerivedDataCache: Saved boot cache 0.12s 74MB C:/Users/Jake/AppData/Local/UnrealEngine/4.19/DerivedDataCache/Boot.ddc.
[2019.05.08-00.06.02:144][  0]LogInit: Texture streaming: Enabled
[2019.05.08-00.06.02:158][  0]LogEngineSessionManager: EngineSessionManager initialized
[2019.05.08-00.06.02:168][  0]LogInit: Transaction tracking system initialized
[2019.05.08-00.06.02:189][  0]BlueprintLog: New page: Editor Load
[2019.05.08-00.06.02:254][  0]LocalizationService: Localization service is disabled
[2019.05.08-00.06.02:347][  0]LogConsoleResponse: Display: 
[2019.05.08-00.06.02:490][  0]LogCook: Display: Max memory allowance for cook 16384mb min free memory 0mb
[2019.05.08-00.06.02:490][  0]LogFileCache: Scanning file cache for directory 'C:/Users/Jake/Desktop/Git/FirstPersonCharacterTest/Content/' took 0.01s
[2019.05.08-00.06.02:490][  0]LogCook: Display: Mobile HDR setting 1
[2019.05.08-00.06.02:490][  0]LogGameplayTags: Display: UGameplayTagsManager::DoneAddingNativeTags. DelegateIsBound: 0
[2019.05.08-00.06.02:490][  0]LogStats: UGameplayTagsManager::ConstructGameplayTagTree: Construct from data asset -  0.000 s
[2019.05.08-00.06.02:490][  0]LogStats: UGameplayTagsManager::ConstructGameplayTagTree: GameplayTagTreeChangedEvent.Broadcast -  0.000 s
[2019.05.08-00.06.02:791][  0]SourceControl: Source control is disabled
[2019.05.08-00.06.02:791][  0]Cmd: MAP LOAD FILE="../../../Engine/Content/Maps/Templates/Template_Default.umap" TEMPLATE=1 SHOWPROGRESS=1 FEATURELEVEL=3
[2019.05.08-00.06.02:791][  0]LightingResults: New page: Lighting Build
[2019.05.08-00.06.02:794][  0]MapCheck: New page: Map Check
[2019.05.08-00.06.02:794][  0]LightingResults: New page: Lighting Build
[2019.05.08-00.06.03:021][  0]LogAIModule: Creating AISystem for world Untitled_1
[2019.05.08-00.06.03:027][  0]LogEditorServer: Finished looking for orphan Actors (0.000 secs)
[2019.05.08-00.06.03:041][  0]Cmd: MAP CHECKDEP NOCLEARLOG
[2019.05.08-00.06.03:080][  0]MapCheck: Map check complete: 0 Error(s), 0 Warning(s), took 39.326ms to complete.
[2019.05.08-00.06.03:080][  0]LogFileHelpers: Loading map 'Template_Default' took 0.290
[2019.05.08-00.06.03:211][  0]LogCollectionManager: Loaded 0 collections in 0.001534 seconds
[2019.05.08-00.06.03:252][  0]LogFileCache: Scanning file cache for directory 'C:/Users/Jake/Desktop/Git/FirstPersonCharacterTest/Saved/Collections/' took 0.01s
[2019.05.08-00.06.03:252][  0]LogFileCache: Scanning file cache for directory 'C:/Users/Jake/Desktop/Git/FirstPersonCharacterTest/Content/Developers/Jake/Collections/' took 0.01s
[2019.05.08-00.06.03:252][  0]LogFileCache: Scanning file cache for directory 'C:/Users/Jake/Desktop/Git/FirstPersonCharacterTest/Content/Collections/' took 0.01s
[2019.05.08-00.06.03:252][  0]LogCollectionManager: Rebuilt the GUID cache for 0 collections in 0.000001 seconds
[2019.05.08-00.06.03:262][  0]LogContentBrowser: Native class hierarchy populated in 0.0099 seconds. Added 2452 classes and 558 folders.
[2019.05.08-00.06.03:268][  0]LogContentBrowser: Native class hierarchy updated for 'WidgetCarousel' in 0.0002 seconds. Added 0 classes and 0 folders.
[2019.05.08-00.06.03:307][  0]LogContentBrowser: Native class hierarchy updated for 'AddContentDialog' in 0.0002 seconds. Added 0 classes and 0 folders.
[2019.05.08-00.06.03:314][  0]LogContentBrowser: Native class hierarchy updated for 'SceneOutliner' in 0.0003 seconds. Added 1 classes and 2 folders.
[2019.05.08-00.06.03:442][  0]LogContentBrowser: Native class hierarchy updated for 'HierarchicalLODOutliner' in 0.0003 seconds. Added 0 classes and 0 folders.
[2019.05.08-00.06.03:442][  0]LogLoad: (Engine Initialization) Total time: 9.90 seconds
[2019.05.08-00.06.03:442][  0]LogLoad: (Engine Initialization) Total Blueprint compile time: 0.00 seconds
[2019.05.08-00.06.03:799][  0]LogContentStreaming: Texture pool size now 1000 MB
[2019.05.08-00.06.03:801][  0]LogSlate: Took 0.000223 seconds to synchronously load lazily loaded font '../../../Engine/Content/Slate/Fonts/Roboto-Regular.ttf' (155K)
[2019.05.08-00.06.03:803][  0]LogSlate: Took 0.000142 seconds to synchronously load lazily loaded font '../../../Engine/Content/Slate/Fonts/Roboto-Bold.ttf' (160K)
[2019.05.08-00.06.03:810][  0]LogSlate: Took 0.000167 seconds to synchronously load lazily loaded font '../../../Engine/Content/Editor/Slate/Fonts/FontAwesome.ttf' (139K)
[2019.05.08-00.06.03:953][  0]LogRenderer: Reallocating scene render targets to support 696x360 Format 10 NumSamples 1 (Frame:1).
[2019.05.08-00.06.04:178][  1]LogAssetRegistry: Asset discovery search completed in 6.1128 seconds
[2019.05.08-00.06.04:180][  1]LogCollectionManager: Rebuilt the object cache for 0 collections in 0.000001 seconds (found 0 objects)
[2019.05.08-00.06.04:180][  1]LogCollectionManager: Fixed up redirectors for 0 collections in 0.000086 seconds (updated 0 objects)
[2019.05.08-00.06.08:210][ 14]LogSlate: Took 0.000132 seconds to synchronously load lazily loaded font '../../../Engine/Content/Slate/Fonts/Roboto-Light.ttf' (167K)
[2019.05.08-01.39.51:111][168]LogRenderer: Reallocating scene render targets to support 1044x576 Format 10 NumSamples 1 (Frame:4).
[2019.05.08-01.39.53:463][428]LogSlate: FSceneViewport::OnFocusLost() reason 0
[2019.05.08-01.39.56:178][727]LogUObjectGlobals: Created PersistentFrame Addr=0x000000ad55b828c0, Size=192, Default__Player_C Function /Game/Player.Player_C:ExecuteUbergraph_Player
[2019.05.08-01.39.56:183][727]LogUObjectGlobals: Destroyed PersistentFrame Addr=0x000000ad55b828c0, Size=192
[2019.05.08-01.39.56:183][727]LogUObjectGlobals: Created PersistentFrame Addr=0x000000ad55b828c0, Size=192, Default__Player_C Function /Engine/Transient.REINST_Player_C_5:ExecuteUbergraph_Player
[2019.05.08-01.39.56:186][727]LogUObjectGlobals: Created PersistentFrame Addr=0x000000ad56967880, Size=192, Default__Player_C Function /Game/Player.Player_C:ExecuteUbergraph_Player
[2019.05.08-01.39.56:201][727]LogSlate: Took 0.000234 seconds to synchronously load lazily loaded font '../../../Engine/Content/Slate/Fonts/Roboto-Light.ttf' (167K)
[2019.05.08-01.39.56:518][727]LogContentBrowser: Native class hierarchy updated for 'BlueprintGraph' in 0.0007 seconds. Added 116 classes and 0 folders.
[2019.05.08-01.39.56:895][727]LogUObjectGlobals: Created PersistentFrame Addr=0x000000ad688416b8, Size=4, Default__SKEL_PROTO_BP_AnimBlueprint_0_C Function /Engine/Transient.SKEL_PROTO_BP_AnimBlueprint_0_C:ExecuteUbergraph_PROTO_BP_AnimBlueprint_0
[2019.05.08-01.39.56:896][727]LogUObjectGlobals: Created PersistentFrame Addr=0x000000ad688416b0, Size=4, Default__PROTO_BP_AnimBlueprint_0_C Function /Engine/Transient.PROTO_BP_AnimBlueprint_0_C:ExecuteUbergraph_PROTO_BP_AnimBlueprint_0
[2019.05.08-01.39.57:426][727]LogSlate: Took 0.000247 seconds to synchronously load lazily loaded font '../../../Engine/Content/Slate/Fonts/Roboto-BoldCondensed.ttf' (158K)
[2019.05.08-01.40.00:429][886]LogSlate: Took 0.000212 seconds to synchronously load lazily loaded font '../../../Engine/Content/Slate/Fonts/Roboto-Italic.ttf' (157K)
[2019.05.08-01.40.03:346][ 97]LogTemp: Repeating last play command: Selected Viewport
[2019.05.08-01.40.03:365][ 97]LogPlayLevel: PlayLevel: No blueprints needed recompiling
[2019.05.08-01.40.03:366][ 97]PIE: New page: PIE session: Untitled_1 (May 7, 2019, 11:40:03 AM)
[2019.05.08-01.40.03:366][ 97]LogPlayLevel: Creating play world package: /Temp/UEDPIE_0_Untitled_1
[2019.05.08-01.40.03:370][ 97]LogPlayLevel: PIE: StaticDuplicateObject took: (0.003690s)
[2019.05.08-01.40.03:371][ 97]LogAIModule: Creating AISystem for world Untitled_1
[2019.05.08-01.40.03:372][ 97]LogPlayLevel: PIE: World Init took: (0.001787s)
[2019.05.08-01.40.03:372][ 97]LogPlayLevel: PIE: Created PIE world by copying editor world from /Temp/Untitled_1.Untitled_1 to /Temp/UEDPIE_0_Untitled_1.Untitled_1 (0.005676s)
[2019.05.08-01.40.03:389][ 97]LogUObjectGlobals: Destroyed PersistentFrame Addr=0x000000ad55b828c0, Size=192
[2019.05.08-01.40.03:427][ 97]LogInit: XAudio2 using 'Speakers (High Definition Audio Device)' : 2 channels at 44.1 kHz using 16 bits per sample (channel mask 0x3)
[2019.05.08-01.40.03:435][ 97]LogInit: FAudioDevice initialized.
[2019.05.08-01.40.03:477][ 97]LogLoad: Game class is 'GameModeBase'
[2019.05.08-01.40.03:479][ 97]LogWorld: Bringing World /Temp/UEDPIE_0_Untitled_1.Untitled_1 up for play (max tick rate 0) at 2019.05.07-18.40.03
[2019.05.08-01.40.03:479][ 97]LogWorld: Bringing up level for play took: 0.000680
[2019.05.08-01.40.03:482][ 97]LogContentBrowser: Native class hierarchy updated for 'MovieSceneCapture' in 0.0003 seconds. Added 11 classes and 0 folders.
[2019.05.08-01.40.03:483][ 97]PIE: Play in editor start time for /Temp/UEDPIE_0_Untitled_1 0.066
[2019.05.08-01.40.09:307][530]LogSlate: FSceneViewport::OnFocusLost() reason 0
[2019.05.08-01.40.31:064][167]LogSlate: Window 'Select Path' being destroyed
[2019.05.08-01.40.40:422][830]LogSlate: FSceneViewport::OnFocusLost() reason 0
[2019.05.08-01.40.40:525][837]LogTemp: Repeating last play command: Selected Viewport
[2019.05.08-01.40.40:549][837]LogPlayLevel: PlayLevel: No blueprints needed recompiling
[2019.05.08-01.40.40:549][837]PIE: New page: PIE session: Untitled_1 (May 7, 2019, 11:40:40 AM)
[2019.05.08-01.40.40:549][837]LogPlayLevel: Creating play world package: /Temp/UEDPIE_0_Untitled_1
[2019.05.08-01.40.40:552][837]LogPlayLevel: PIE: StaticDuplicateObject took: (0.002769s)
[2019.05.08-01.40.40:553][837]LogAIModule: Creating AISystem for world Untitled_1
[2019.05.08-01.40.40:553][837]LogPlayLevel: PIE: World Init took: (0.000962s)
[2019.05.08-01.40.40:553][837]LogPlayLevel: PIE: Created PIE world by copying editor world from /Temp/Untitled_1.Untitled_1 to /Temp/UEDPIE_0_Untitled_1.Untitled_1 (0.003942s)
[2019.05.08-01.40.40:597][837]LogInit: XAudio2 using 'Speakers (High Definition Audio Device)' : 2 channels at 44.1 kHz using 16 bits per sample (channel mask 0x3)
[2019.05.08-01.40.40:604][837]LogInit: FAudioDevice initialized.
[2019.05.08-01.40.40:638][837]LogLoad: Game class is 'GameModeBase'
[2019.05.08-01.40.40:653][837]LogWorld: Bringing World /Temp/UEDPIE_0_Untitled_1.Untitled_1 up for play (max tick rate 0) at 2019.05.07-18.40.40
[2019.05.08-01.40.40:762][837]LogWorld: Bringing up level for play took: 0.122948
[2019.05.08-01.40.40:764][837]PIE: Play in editor start time for /Temp/UEDPIE_0_Untitled_1 -0.653
[2019.05.08-01.40.46:918][297]Cmd: SELECT NONE
[2019.05.08-01.40.48:046][371]Cmd: TRANSACTION UNDO
[2019.05.08-01.40.48:046][371]LogEditorTransaction: Undo Select None
[2019.05.08-01.40.48:980][441]LogEditorViewport: Clicking on Actor (LMB): StaticMeshActor (Floor)
[2019.05.08-01.40.50:197][512]Cmd: TRANSACTION UNDO
[2019.05.08-01.40.50:197][512]LogEditorTransaction: Undo Move Actors
[2019.05.08-01.40.50:656][541]Cmd: TRANSACTION UNDO
[2019.05.08-01.40.50:656][541]LogEditorTransaction: Undo Clicking on Actors
[2019.05.08-01.40.51:066][574]Cmd: TRANSACTION UNDO
[2019.05.08-01.40.51:066][574]LogEditorTransaction: Undo Create Actors
[2019.05.08-01.40.53:175][725]LogSlate: FSceneViewport::OnFocusLost() reason 0
[2019.05.08-01.41.20:269][ 89]LogFileHelpers: Editor autosave (incl. sublevels) for '/Temp/Untitled_1' took 0.022
[2019.05.08-01.51.21:045][891]LogFileHelpers: Editor autosave (incl. sublevels) for '/Temp/Untitled_1' took 0.027
[2019.05.08-02.01.21:767][693]LogFileHelpers: Editor autosave (incl. sublevels) for '/Temp/Untitled_1' took 0.025
[2019.05.08-02.06.45:025][107]LogSlate: FSceneViewport::OnFocusLost() reason 0
[2019.05.08-02.06.45:295][115]LogAIModule: Creating AISystem for world TestMap
[2019.05.08-02.06.45:326][115]Cmd: MAP LOAD FILE="C:/Users/Jake/Desktop/Git/FirstPersonCharacterTest/Content/TestMap.umap" TEMPLATE=0 SHOWPROGRESS=1 FEATURELEVEL=3
[2019.05.08-02.06.45:326][115]LightingResults: New page: Lighting Build
[2019.05.08-02.06.45:327][115]LoadErrors: New page: Loading map: TestMap.umap
[2019.05.08-02.06.45:328][115]MapCheck: New page: Map Check
[2019.05.08-02.06.45:328][115]LightingResults: New page: Lighting Build
[2019.05.08-02.06.45:440][115]LogEditorServer: Finished looking for orphan Actors (0.000 secs)
[2019.05.08-02.06.45:494][115]Cmd: MAP CHECKDEP NOCLEARLOG
[2019.05.08-02.06.45:545][115]MapCheck: Map check complete: 0 Error(s), 0 Warning(s), took 51.548ms to complete.
[2019.05.08-02.06.45:547][115]LogFileHelpers: Loading map 'TestMap' took 0.222
[2019.05.08-02.06.46:636][196]LogTemp: Repeating last play command: Selected Viewport
[2019.05.08-02.06.46:667][196]LogPlayLevel: PlayLevel: No blueprints needed recompiling
[2019.05.08-02.06.46:667][196]PIE: New page: PIE session: TestMap (May 7, 2019, 12:06:46 PM)
[2019.05.08-02.06.46:667][196]LogPlayLevel: Creating play world package: /Game/UEDPIE_0_TestMap
[2019.05.08-02.06.46:672][196]LogPlayLevel: PIE: StaticDuplicateObject took: (0.004401s)
[2019.05.08-02.06.46:673][196]LogAIModule: Creating AISystem for world TestMap
[2019.05.08-02.06.46:673][196]LogPlayLevel: PIE: World Init took: (0.001156s)
[2019.05.08-02.06.46:673][196]LogPlayLevel: PIE: Created PIE world by copying editor world from /Game/TestMap.TestMap to /Game/UEDPIE_0_TestMap.TestMap (0.005749s)
[2019.05.08-02.06.46:710][196]LogInit: XAudio2 using 'Speakers (High Definition Audio Device)' : 2 channels at 44.1 kHz using 16 bits per sample (channel mask 0x3)
[2019.05.08-02.06.46:718][196]LogInit: FAudioDevice initialized.
[2019.05.08-02.06.46:751][196]LogLoad: Game class is 'MyGameMode_C'
[2019.05.08-02.06.46:753][196]LogWorld: Bringing World /Game/UEDPIE_0_TestMap.TestMap up for play (max tick rate 0) at 2019.05.07-19.06.46
[2019.05.08-02.06.46:754][196]LogWorld: Bringing up level for play took: 0.001368
[2019.05.08-02.06.46:755][196]PIE: Play in editor start time for /Game/UEDPIE_0_TestMap -0.663
[2019.05.08-02.07.07:582][662]LogSlate: FSceneViewport::OnFocusLost() reason 0
[2019.05.08-02.07.07:645][667]LogTemp: Repeating last play command: Selected Viewport
[2019.05.08-02.07.07:663][667]LogPlayLevel: PlayLevel: No blueprints needed recompiling
[2019.05.08-02.07.07:664][667]PIE: New page: PIE session: TestMap (May 7, 2019, 12:07:07 PM)
[2019.05.08-02.07.07:664][667]LogPlayLevel: Creating play world package: /Game/UEDPIE_0_TestMap
[2019.05.08-02.07.07:666][667]LogPlayLevel: PIE: StaticDuplicateObject took: (0.002406s)
[2019.05.08-02.07.07:667][667]LogAIModule: Creating AISystem for world TestMap
[2019.05.08-02.07.07:667][667]LogPlayLevel: PIE: World Init took: (0.001008s)
[2019.05.08-02.07.07:667][667]LogPlayLevel: PIE: Created PIE world by copying editor world from /Game/TestMap.TestMap to /Game/UEDPIE_0_TestMap.TestMap (0.003596s)
[2019.05.08-02.07.07:708][667]LogInit: XAudio2 using 'Speakers (High Definition Audio Device)' : 2 channels at 44.1 kHz using 16 bits per sample (channel mask 0x3)
[2019.05.08-02.07.07:715][667]LogInit: FAudioDevice initialized.
[2019.05.08-02.07.07:748][667]LogLoad: Game class is 'MyGameMode_C'
[2019.05.08-02.07.07:749][667]LogWorld: Bringing World /Game/UEDPIE_0_TestMap.TestMap up for play (max tick rate 0) at 2019.05.07-19.07.07
[2019.05.08-02.07.07:749][667]LogWorld: Bringing up level for play took: 0.000999
[2019.05.08-02.07.07:751][667]PIE: Play in editor start time for /Game/UEDPIE_0_TestMap 0.333
[2019.05.08-02.07.16:429][229]LogSlate: FSceneViewport::OnFocusLost() reason 2
[2019.05.08-02.07.16:439][229]Cmd: OBJ SAVEPACKAGE PACKAGE="/Game/TestMap" FILE="C:/Users/Jake/Desktop/Git/FirstPersonCharacterTest/Content/TestMap.umap" SILENT=true AUTOSAVING=false KEEPDIRTY=false
[2019.05.08-02.07.16:499][229]LogSavePackage: Save=32.18ms
[2019.05.08-02.07.16:499][229]LogSavePackage: Moving 'C:/Users/Jake/Desktop/Git/FirstPersonCharacterTest/Saved/TestMap834468F34F52CF11850BD885405D4E80.tmp' to 'C:/Users/Jake/Desktop/Git/FirstPersonCharacterTest/Content/TestMap.umap'
[2019.05.08-02.07.16:501][229]LogSavePackage: Display: Finished SavePackage C:/Users/Jake/Desktop/Git/FirstPersonCharacterTest/Content/TestMap.umap
[2019.05.08-02.07.16:530][229]Cmd: OBJ SAVEPACKAGE PACKAGE="/Game/TestMap_BuiltData" FILE="C:/Users/Jake/Desktop/Git/FirstPersonCharacterTest/Content/TestMap_BuiltData.uasset" SILENT=true
[2019.05.08-02.07.16:568][229]LogSavePackage: Save=27.69ms
[2019.05.08-02.07.16:568][229]LogSavePackage: Moving 'C:/Users/Jake/Desktop/Git/FirstPersonCharacterTest/Saved/TestMap_BuiltData62FC60FF4E1FD08FAFA037B010BF294F.tmp' to 'C:/Users/Jake/Desktop/Git/FirstPersonCharacterTest/Content/TestMap_BuiltData.uasset'
[2019.05.08-02.07.16:569][229]LogSavePackage: Display: Finished SavePackage C:/Users/Jake/Desktop/Git/FirstPersonCharacterTest/Content/TestMap_BuiltData.uasset
[2019.05.08-02.07.17:253][280]Cmd: OBJ SAVEPACKAGE PACKAGE="/Game/TestMap" FILE="C:/Users/Jake/Desktop/Git/FirstPersonCharacterTest/Content/TestMap.umap" SILENT=true AUTOSAVING=false KEEPDIRTY=false
[2019.05.08-02.07.17:307][280]LogSavePackage: Save=28.08ms
[2019.05.08-02.07.17:307][280]LogSavePackage: Moving 'C:/Users/Jake/Desktop/Git/FirstPersonCharacterTest/Saved/TestMap32CB3F3F4F1008823C8B759FAD9642D0.tmp' to 'C:/Users/Jake/Desktop/Git/FirstPersonCharacterTest/Content/TestMap.umap'
[2019.05.08-02.07.17:308][280]LogSavePackage: Display: Finished SavePackage C:/Users/Jake/Desktop/Git/FirstPersonCharacterTest/Content/TestMap.umap
[2019.05.08-02.07.17:338][280]Cmd: OBJ SAVEPACKAGE PACKAGE="/Game/TestMap_BuiltData" FILE="C:/Users/Jake/Desktop/Git/FirstPersonCharacterTest/Content/TestMap_BuiltData.uasset" SILENT=true
[2019.05.08-02.07.17:353][280]LogSavePackage: Save=12.36ms
[2019.05.08-02.07.17:353][280]LogSavePackage: Moving 'C:/Users/Jake/Desktop/Git/FirstPersonCharacterTest/Saved/TestMap_BuiltDataAD05150D47788375C34FB7B4FA2E33DA.tmp' to 'C:/Users/Jake/Desktop/Git/FirstPersonCharacterTest/Content/TestMap_BuiltData.uasset'
[2019.05.08-02.07.17:354][280]LogSavePackage: Display: Finished SavePackage C:/Users/Jake/Desktop/Git/FirstPersonCharacterTest/Content/TestMap_BuiltData.uasset
[2019.05.08-02.07.17:711][313]Cmd: OBJ SAVEPACKAGE PACKAGE="/Game/TestMap" FILE="C:/Users/Jake/Desktop/Git/FirstPersonCharacterTest/Content/TestMap.umap" SILENT=true AUTOSAVING=false KEEPDIRTY=false
[2019.05.08-02.07.17:760][313]LogSavePackage: Save=27.19ms
[2019.05.08-02.07.17:760][313]LogSavePackage: Moving 'C:/Users/Jake/Desktop/Git/FirstPersonCharacterTest/Saved/TestMapB2C5444B40E571EADDCD4ABC625FDE0C.tmp' to 'C:/Users/Jake/Desktop/Git/FirstPersonCharacterTest/Content/TestMap.umap'
[2019.05.08-02.07.17:761][313]LogSavePackage: Display: Finished SavePackage C:/Users/Jake/Desktop/Git/FirstPersonCharacterTest/Content/TestMap.umap
[2019.05.08-02.07.17:793][313]Cmd: OBJ SAVEPACKAGE PACKAGE="/Game/TestMap_BuiltData" FILE="C:/Users/Jake/Desktop/Git/FirstPersonCharacterTest/Content/TestMap_BuiltData.uasset" SILENT=true
[2019.05.08-02.07.17:808][313]LogSavePackage: Save=13.37ms
[2019.05.08-02.07.17:809][313]LogSavePackage: Moving 'C:/Users/Jake/Desktop/Git/FirstPersonCharacterTest/Saved/TestMap_BuiltDataE6940B3B4590FD0B23BA1D9DF64805EA.tmp' to 'C:/Users/Jake/Desktop/Git/FirstPersonCharacterTest/Content/TestMap_BuiltData.uasset'
[2019.05.08-02.07.17:810][313]LogSavePackage: Display: Finished SavePackage C:/Users/Jake/Desktop/Git/FirstPersonCharacterTest/Content/TestMap_BuiltData.uasset
